#
# A fatal error has been detected by the Java Runtime Environment:
#
#  SIGSEGV (0xb) at pc=0x000000012e748580, pid=5276, tid=0x0000000000000307
#
# JRE version: Java(TM) SE Runtime Environment (8.0_121-b13) (build 1.8.0_121-b13)
# Java VM: Java HotSpot(TM) 64-Bit Server VM (25.121-b13 mixed mode bsd-amd64 compressed oops)
# Problematic frame:
# C  [GLEngine+0x157580]  gleRunVertexSubmitImmediate+0x3030
#
# Failed to write core dump. Core dumps have been disabled. To enable core dumping, try "ulimit -c unlimited" before starting Java again
#
# If you would like to submit a bug report, please visit:
#   http://bugreport.java.com/bugreport/crash.jsp
# The crash happened outside the Java Virtual Machine in native code.
# See problematic frame for where to report the bug.
#

---------------  T H R E A D  ---------------

Current thread (0x00007fc324003000):  JavaThread "main" [_thread_in_native, id=775, stack(0x00007fff533aa000,0x00007fff53baa000)]

siginfo: si_signo: 11 (SIGSEGV), si_code: 1 (SEGV_MAPERR), si_addr: 0x0000000000000000

Registers:
RAX=0x000000012e748579, RBX=0x0000000000001833, RCX=0x0000000000000000, RDX=0x0000000000000006
RSP=0x00007fff53ba4b30, RBP=0x00007fff53ba4dc0, RSI=0x000000012e748c18, RDI=0x0000000000000000
R8 =0x0000183300045000, R9 =0x00007fc3224bcad0, R10=0x0000000000001833, R11=0x00007fc328800000
R12=0x0000000000000006, R13=0x0000000000000003, R14=0x000000030660008a, R15=0x0000000000000001
RIP=0x000000012e748580, EFLAGS=0x0000000000010203, ERR=0x0000000000000004
  TRAPNO=0x000000000000000e

Top of Stack: (sp=0x00007fff53ba4b30)
0x00007fff53ba4b30:   000000012deff100 0000000000000002
0x00007fff53ba4b40:   00007fff53ba4c50 000000012f603217
0x00007fff53ba4b50:   00007fff00010000 000000012f6031d7
0x00007fff53ba4b60:   00007fc3224bb8c0 00007fc32282e600
0x00007fff53ba4b70:   0000040000003c00 0000000000000002
0x00007fff53ba4b80:   00007fc3224bc9f0 0000000200000006
0x00007fff53ba4b90:   0000000000000001 00000000fffffffc
0x00007fff53ba4ba0:   0000000401234201 0000000000000018
0x00007fff53ba4bb0:   00000001000c0000 0000000000000001
0x00007fff53ba4bc0:   000003e70c072000 0000000000000000
0x00007fff53ba4bd0:   0000000000000000 0000000100000002
0x00007fff53ba4be0:   0000000000000001 00007fc3224bc958
0x00007fff53ba4bf0:   00007fff53ba4b50 00000006000000c8
0x00007fff53ba4c00:   00007fc3288001a0 00007fc328800160
0x00007fff53ba4c10:   00007fc328800180 00007fc328800150
0x00007fff53ba4c20:   00007fc328800190 0000000000000000
0x00007fff53ba4c30:   00007fc328800170 00007fc328800140
0x00007fff53ba4c40:   0000000000000000 00007fff53ba4d58
0x00007fff53ba4c50:   00007fc328800190 288001902f603041
0x00007fff53ba4c60:   0000000000000000 0000000000000000
0x00007fff53ba4c70:   0000000000000000 0000000000000000
0x00007fff53ba4c80:   0000000000000000 0000000000000000
0x00007fff53ba4c90:   000000030660008a 00007fc328800190
0x00007fff53ba4ca0:   2880019000000000 0000000000000000
0x00007fff53ba4cb0:   00007fc328800000 0000000000000000
0x00007fff53ba4cc0:   fffffffe00000002 0000000000000001
0x00007fff53ba4cd0:   0000000000000000 00007fc328800190
0x00007fff53ba4ce0:   00007fc3224bcad0 0000000000114000
0x00007fff53ba4cf0:   00000000ffffffff 0000000000000001
0x00007fff53ba4d00:   0000000000000000 0000000000000360
0x00007fff53ba4d10:   0000000000000000 00007fc3228301d0
0x00007fff53ba4d20:   00007fc32282fac8 00007fc32282e600 

Instructions: (pc=0x000000012e748580)
0x000000012e748560:   e4 fe ff ff 89 8d 40 ff ff ff 8b 40 04 89 85 44
0x000000012e748570:   ff ff ff 66 0f 6e c1 eb 31 48 8b 8d e8 fe ff ff
0x000000012e748580:   8b 11 89 95 e4 fe ff ff 89 95 40 ff ff ff 8b 41
0x000000012e748590:   04 89 85 44 ff ff ff 8b 49 08 89 8d 9c fe ff ff 

Register to memory mapping:

RAX=0x000000012e748579: gleRunVertexSubmitImmediate+0x3029 in /System/Library/Frameworks/OpenGL.framework/Resources/GLEngine.bundle/GLEngine at 0x000000012e5f1000
RBX=0x0000000000001833 is an unknown value
RCX=0x0000000000000000 is an unknown value
RDX=0x0000000000000006 is an unknown value
RSP=0x00007fff53ba4b30 is pointing into the stack for thread: 0x00007fc324003000
RBP=0x00007fff53ba4dc0 is pointing into the stack for thread: 0x00007fc324003000
RSI=0x000000012e748c18: gleRunVertexSubmitImmediate+0x36c8 in /System/Library/Frameworks/OpenGL.framework/Resources/GLEngine.bundle/GLEngine at 0x000000012e5f1000
RDI=0x0000000000000000 is an unknown value
R8 =0x0000183300045000 is an unknown value
R9 =0x00007fc3224bcad0 is an unknown value
R10=0x0000000000001833 is an unknown value
R11=0x00007fc328800000 is an unknown value
R12=0x0000000000000006 is an unknown value
R13=0x0000000000000003 is an unknown value
R14=0x000000030660008a is an unknown value
R15=0x0000000000000001 is an unknown value


Stack: [0x00007fff533aa000,0x00007fff53baa000],  sp=0x00007fff53ba4b30,  free space=8170k
Native frames: (J=compiled Java code, j=interpreted, Vv=VM code, C=native code)
C  [GLEngine+0x157580]  gleRunVertexSubmitImmediate+0x3030
C  [GLEngine+0xc2789]  glDrawArrays_ACC_GL3Exec+0x2b9
j  org.lwjgl.opengl.GL11.glDrawArrays(III)V+0
j  graphics.entities.RigidState.render(Lgraphics/shaders/ShaderProgram;IF)V+40
j  graphics.Renderer.render(Ljava/lang/Iterable;F)V+50
j  graphics.GLFWWindow.render()V+61
j  mechanics.graphics.Screen.draw()V+25
j  mechanics.Main.lambda$0(Lmechanics/graphics/Screen;)V+1
j  mechanics.Main$$Lambda$19.update()V+4
j  mechanics.utils.ThreadMaster.run()V+46
j  mechanics.Main.main([Ljava/lang/String;)V+89
v  ~StubRoutines::call_stub
V  [libjvm.dylib+0x2ed9d6]
V  [libjvm.dylib+0x3247ce]
V  [libjvm.dylib+0x31d545]
C  [java+0x3931]  JavaMain+0x9c4
C  [java+0x5590]  -[JavaLaunchHelper launchJava:]+0x2a
C  [Foundation+0x7152a]  __NSThreadPerformPerform+0x146
C  [CoreFoundation+0xa7321]  __CFRUNLOOP_IS_CALLING_OUT_TO_A_SOURCE0_PERFORM_FUNCTION__+0x11
C  [CoreFoundation+0x8821d]  __CFRunLoopDoSources0+0x22d
C  [CoreFoundation+0x87716]  __CFRunLoopRun+0x3a6
C  [CoreFoundation+0x87114]  CFRunLoopRunSpecific+0x1a4
C  [java+0x6465]  CreateExecutionEnvironment+0x367
C  [java+0x218c]  JLI_Launch+0x7a0
C  [java+0x84c2]  main+0x65
C  [java+0x19e4]  start+0x34
C  0x0000000000000006

Java frames: (J=compiled Java code, j=interpreted, Vv=VM code)
j  org.lwjgl.opengl.GL11.glDrawArrays(III)V+0
j  graphics.entities.RigidState.render(Lgraphics/shaders/ShaderProgram;IF)V+40
j  graphics.Renderer.render(Ljava/lang/Iterable;F)V+50
j  graphics.GLFWWindow.render()V+61
j  mechanics.graphics.Screen.draw()V+25
j  mechanics.Main.lambda$0(Lmechanics/graphics/Screen;)V+1
j  mechanics.Main$$Lambda$19.update()V+4
j  mechanics.utils.ThreadMaster.run()V+46
j  mechanics.Main.main([Ljava/lang/String;)V+89
v  ~StubRoutines::call_stub

---------------  P R O C E S S  ---------------

Java Threads: ( => current thread )
  0x00007fc32300f800 JavaThread "Service Thread" daemon [_thread_blocked, id=20483, stack(0x000070000f668000,0x000070000f768000)]
  0x00007fc323019000 JavaThread "C1 CompilerThread3" daemon [_thread_blocked, id=19971, stack(0x000070000f565000,0x000070000f665000)]
  0x00007fc325003800 JavaThread "C2 CompilerThread2" daemon [_thread_blocked, id=19459, stack(0x000070000f462000,0x000070000f562000)]
  0x00007fc323006800 JavaThread "C2 CompilerThread1" daemon [_thread_blocked, id=18947, stack(0x000070000f35f000,0x000070000f45f000)]
  0x00007fc324049000 JavaThread "C2 CompilerThread0" daemon [_thread_blocked, id=18435, stack(0x000070000f25c000,0x000070000f35c000)]
  0x00007fc324032000 JavaThread "Signal Dispatcher" daemon [_thread_blocked, id=17927, stack(0x000070000f159000,0x000070000f259000)]
  0x00007fc323002000 JavaThread "Finalizer" daemon [_thread_blocked, id=14339, stack(0x000070000f056000,0x000070000f156000)]
  0x00007fc32402d000 JavaThread "Reference Handler" daemon [_thread_blocked, id=13827, stack(0x000070000ef53000,0x000070000f053000)]
=>0x00007fc324003000 JavaThread "main" [_thread_in_native, id=775, stack(0x00007fff533aa000,0x00007fff53baa000)]

Other Threads:
  0x00007fc324028800 VMThread [stack: 0x000070000ee50000,0x000070000ef50000] [id=13315]
  0x00007fc326801000 WatcherThread [stack: 0x000070000f76b000,0x000070000f86b000] [id=20995]

VM state:not at safepoint (normal execution)

VM Mutex/Monitor currently owned by a thread: None

Heap:
 PSYoungGen      total 76288K, used 15769K [0x000000076ab00000, 0x0000000770000000, 0x00000007c0000000)
  eden space 65536K, 24% used [0x000000076ab00000,0x000000076ba664e0,0x000000076eb00000)
  from space 10752K, 0% used [0x000000076f580000,0x000000076f580000,0x0000000770000000)
  to   space 10752K, 0% used [0x000000076eb00000,0x000000076eb00000,0x000000076f580000)
 ParOldGen       total 175104K, used 0K [0x00000006c0000000, 0x00000006cab00000, 0x000000076ab00000)
  object space 175104K, 0% used [0x00000006c0000000,0x00000006c0000000,0x00000006cab00000)
 Metaspace       used 7279K, capacity 7507K, committed 7808K, reserved 1056768K
  class space    used 681K, capacity 786K, committed 896K, reserved 1048576K

Card table byte_map: [0x000000010e562000,0x000000010ed63000] byte_map_base: 0x000000010af62000

Marking Bits: (ParMarkBitMap*) 0x000000010daf0d30
 Begin Bits: [0x000000010f2b9000, 0x00000001132b9000)
 End Bits:   [0x00000001132b9000, 0x00000001172b9000)

Polling page: 0x000000010c117000

CodeCache: size=245760Kb used=2850Kb max_used=2858Kb free=242909Kb
 bounds [0x000000011936b000, 0x000000011963b000, 0x000000012836b000]
 total_blobs=1405 nmethods=639 adapters=680
 compilation: enabled

Compilation events (10 events):
Event: 13.136 Thread 0x00007fc323019000 nmethod 635 0x0000000119620290 code [0x0000000119620400, 0x0000000119620668]
Event: 13.136 Thread 0x00007fc324049000 nmethod 636 0x00000001196335d0 code [0x0000000119633740, 0x0000000119633888]
Event: 13.137 Thread 0x00007fc323019000  637       3       sun.misc.FDBigInteger::mult (64 bytes)
Event: 13.138 Thread 0x00007fc323019000 nmethod 637 0x0000000119632510 code [0x0000000119632680, 0x0000000119632910]
Event: 13.138 Thread 0x00007fc323019000  638       3       sun.misc.FDBigInteger::<init> (30 bytes)
Event: 13.138 Thread 0x00007fc323019000 nmethod 638 0x0000000119632090 code [0x0000000119632200, 0x0000000119632408]
Event: 13.138 Thread 0x00007fc323019000  639       3       sun.misc.FDBigInteger::trimLeadingZeros (57 bytes)
Event: 13.138 Thread 0x00007fc323019000 nmethod 639 0x0000000119631ad0 code [0x0000000119631c40, 0x0000000119631f70]
Event: 13.138 Thread 0x00007fc323006800 nmethod 629 0x0000000119631110 code [0x0000000119631280, 0x00000001196316d8]
Event: 13.146 Thread 0x00007fc325003800 nmethod 630 0x0000000119634950 code [0x0000000119634c20, 0x0000000119635498]

GC Heap History (0 events):
No events

Deoptimization events (3 events):
Event: 0.112 Thread 0x00007fc324003000 Uncommon trap: reason=unstable_if action=reinterpret pc=0x000000011947af68 method=java.lang.String.hashCode()I @ 14
Event: 0.123 Thread 0x00007fc324003000 Uncommon trap: reason=unstable_if action=reinterpret pc=0x0000000119492dc4 method=java.lang.String.indexOf(II)I @ 49
Event: 0.200 Thread 0x00007fc324003000 Uncommon trap: reason=unstable_if action=reinterpret pc=0x000000011950abc8 method=java.lang.String.indexOf([CII[CIII)I @ 134

Internal exceptions (10 events):
Event: 0.111 Thread 0x00007fc324003000 Exception <a 'java/security/PrivilegedActionException'> (0x000000076abf7f40) thrown at [/Users/java_re/workspace/8-2-build-macosx-x86_64/jdk8u121/8372/hotspot/src/share/vm/prims/jvm.cpp, line 1390]
Event: 0.111 Thread 0x00007fc324003000 Exception <a 'java/security/PrivilegedActionException'> (0x000000076abf8150) thrown at [/Users/java_re/workspace/8-2-build-macosx-x86_64/jdk8u121/8372/hotspot/src/share/vm/prims/jvm.cpp, line 1390]
Event: 0.149 Thread 0x00007fc324003000 Exception <a 'java/lang/NoSuchFieldError': method resolution failed> (0x000000076ae26008) thrown at [/Users/java_re/workspace/8-2-build-macosx-x86_64/jdk8u121/8372/hotspot/src/share/vm/prims/methodHandles.cpp, line 1146]
Event: 0.150 Thread 0x00007fc324003000 Exception <a 'java/lang/NoSuchFieldError': method resolution failed> (0x000000076ae33408) thrown at [/Users/java_re/workspace/8-2-build-macosx-x86_64/jdk8u121/8372/hotspot/src/share/vm/prims/methodHandles.cpp, line 1146]
Event: 0.189 Thread 0x00007fc324003000 Exception <a 'java/lang/NoSuchMethodError': java.lang.Object.lambda$static$0(Ljava/lang/String;)Ljava/lang/Boolean;> (0x000000076afd06a8) thrown at [/Users/java_re/workspace/8-2-build-macosx-x86_64/jdk8u121/8372/hotspot/src/share/vm/interpreter/linkResolv
Event: 0.228 Thread 0x00007fc324003000 Exception <a 'java/security/PrivilegedActionException'> (0x000000076b1196a0) thrown at [/Users/java_re/workspace/8-2-build-macosx-x86_64/jdk8u121/8372/hotspot/src/share/vm/prims/jvm.cpp, line 1390]
Event: 0.228 Thread 0x00007fc324003000 Exception <a 'java/security/PrivilegedActionException'> (0x000000076b1198b0) thrown at [/Users/java_re/workspace/8-2-build-macosx-x86_64/jdk8u121/8372/hotspot/src/share/vm/prims/jvm.cpp, line 1390]
Event: 0.228 Thread 0x00007fc324003000 Exception <a 'java/security/PrivilegedActionException'> (0x000000076b11cdc8) thrown at [/Users/java_re/workspace/8-2-build-macosx-x86_64/jdk8u121/8372/hotspot/src/share/vm/prims/jvm.cpp, line 1390]
Event: 0.228 Thread 0x00007fc324003000 Exception <a 'java/security/PrivilegedActionException'> (0x000000076b11cfd8) thrown at [/Users/java_re/workspace/8-2-build-macosx-x86_64/jdk8u121/8372/hotspot/src/share/vm/prims/jvm.cpp, line 1390]
Event: 0.335 Thread 0x00007fc324003000 Exception <a 'sun/nio/fs/UnixException'> (0x000000076b4144d0) thrown at [/Users/java_re/workspace/8-2-build-macosx-x86_64/jdk8u121/8372/hotspot/src/share/vm/prims/jni.cpp, line 709]

Events (10 events):
Event: 13.137 loading class sun/misc/FloatingDecimal$BinaryToASCIIBuffer
Event: 13.137 loading class sun/misc/FloatingDecimal$BinaryToASCIIBuffer done
Event: 13.137 loading class sun/misc/FloatingDecimal$1
Event: 13.137 loading class sun/misc/FloatingDecimal$1 done
Event: 13.137 loading class sun/misc/FloatingDecimal$PreparedASCIIToBinaryBuffer
Event: 13.137 loading class sun/misc/FloatingDecimal$ASCIIToBinaryConverter
Event: 13.137 loading class sun/misc/FloatingDecimal$ASCIIToBinaryConverter done
Event: 13.137 loading class sun/misc/FloatingDecimal$PreparedASCIIToBinaryBuffer done
Event: 13.137 loading class sun/misc/FDBigInteger
Event: 13.137 loading class sun/misc/FDBigInteger done


Dynamic libraries:
0x000000001b999000 	/System/Library/Frameworks/Cocoa.framework/Versions/A/Cocoa
0x000000001b999000 	/System/Library/Frameworks/Security.framework/Versions/A/Security
0x000000001b999000 	/System/Library/Frameworks/ApplicationServices.framework/Versions/A/ApplicationServices
0x000000001b999000 	/usr/lib/libz.1.dylib
0x000000001b999000 	/usr/lib/libSystem.B.dylib
0x000000001b999000 	/usr/lib/libobjc.A.dylib
0x000000001b999000 	/System/Library/Frameworks/CoreFoundation.framework/Versions/A/CoreFoundation
0x000000001b999000 	/System/Library/Frameworks/Foundation.framework/Versions/C/Foundation
0x000000001b999000 	/System/Library/Frameworks/AppKit.framework/Versions/C/AppKit
0x000000001b999000 	/System/Library/Frameworks/CoreData.framework/Versions/A/CoreData
0x000000001b999000 	/System/Library/PrivateFrameworks/RemoteViewServices.framework/Versions/A/RemoteViewServices
0x000000001b999000 	/System/Library/PrivateFrameworks/UIFoundation.framework/Versions/A/UIFoundation
0x000000001b999000 	/System/Library/PrivateFrameworks/DFRFoundation.framework/Versions/A/DFRFoundation
0x000000001b999000 	/usr/lib/libenergytrace.dylib
0x000000001b999000 	/System/Library/PrivateFrameworks/SkyLight.framework/Versions/A/SkyLight
0x000000001b999000 	/System/Library/Frameworks/CoreGraphics.framework/Versions/A/CoreGraphics
0x000000001b999000 	/usr/lib/libScreenReader.dylib
0x000000001b999000 	/System/Library/Frameworks/Accelerate.framework/Versions/A/Accelerate
0x000000001b999000 	/System/Library/Frameworks/IOSurface.framework/Versions/A/IOSurface
0x000000001b999000 	/System/Library/Frameworks/AudioToolbox.framework/Versions/A/AudioToolbox
0x000000001b999000 	/System/Library/Frameworks/AudioUnit.framework/Versions/A/AudioUnit
0x000000001b999000 	/System/Library/PrivateFrameworks/DataDetectorsCore.framework/Versions/A/DataDetectorsCore
0x000000001b999000 	/System/Library/PrivateFrameworks/DesktopServicesPriv.framework/Versions/A/DesktopServicesPriv
0x000000001b999000 	/System/Library/Frameworks/Carbon.framework/Versions/A/Frameworks/HIToolbox.framework/Versions/A/HIToolbox
0x000000001b999000 	/usr/lib/libicucore.A.dylib
0x000000001b999000 	/System/Library/Frameworks/QuartzCore.framework/Versions/A/QuartzCore
0x000000001b999000 	/System/Library/Frameworks/Carbon.framework/Versions/A/Frameworks/SpeechRecognition.framework/Versions/A/SpeechRecognition
0x000000001b999000 	/usr/lib/libauto.dylib
0x000000001b999000 	/usr/lib/libxml2.2.dylib
0x000000001b999000 	/System/Library/PrivateFrameworks/CoreUI.framework/Versions/A/CoreUI
0x000000001b999000 	/System/Library/Frameworks/CoreAudio.framework/Versions/A/CoreAudio
0x000000001b999000 	/System/Library/Frameworks/DiskArbitration.framework/Versions/A/DiskArbitration
0x000000001b999000 	/usr/lib/liblangid.dylib
0x000000001b999000 	/System/Library/PrivateFrameworks/MultitouchSupport.framework/Versions/A/MultitouchSupport
0x000000001b999000 	/System/Library/Frameworks/IOKit.framework/Versions/A/IOKit
0x000000001b999000 	/usr/lib/libDiagnosticMessagesClient.dylib
0x000000001b999000 	/System/Library/Frameworks/CoreServices.framework/Versions/A/CoreServices
0x000000001b999000 	/System/Library/PrivateFrameworks/PerformanceAnalysis.framework/Versions/A/PerformanceAnalysis
0x000000001b999000 	/System/Library/PrivateFrameworks/GenerationalStorage.framework/Versions/A/GenerationalStorage
0x000000001b999000 	/System/Library/Frameworks/OpenGL.framework/Versions/A/OpenGL
0x000000001b999000 	/System/Library/Frameworks/CoreImage.framework/Versions/A/CoreImage
0x000000001b999000 	/System/Library/Frameworks/CoreText.framework/Versions/A/CoreText
0x000000001b999000 	/System/Library/Frameworks/ImageIO.framework/Versions/A/ImageIO
0x000000001b999000 	/System/Library/PrivateFrameworks/Backup.framework/Versions/A/Backup
0x000000001b999000 	/usr/lib/libarchive.2.dylib
0x000000001b999000 	/System/Library/Frameworks/CFNetwork.framework/Versions/A/CFNetwork
0x000000001b999000 	/System/Library/Frameworks/SystemConfiguration.framework/Versions/A/SystemConfiguration
0x000000001b999000 	/usr/lib/libCRFSuite.dylib
0x000000001b999000 	/usr/lib/libc++.1.dylib
0x000000001b999000 	/usr/lib/libc++abi.dylib
0x000000001b999000 	/usr/lib/system/libcache.dylib
0x000000001b999000 	/usr/lib/system/libcommonCrypto.dylib
0x000000001b999000 	/usr/lib/system/libcompiler_rt.dylib
0x000000001b999000 	/usr/lib/system/libcopyfile.dylib
0x000000001b999000 	/usr/lib/system/libcorecrypto.dylib
0x000000001b999000 	/usr/lib/system/libdispatch.dylib
0x000000001b999000 	/usr/lib/system/libdyld.dylib
0x000000001b999000 	/usr/lib/system/libkeymgr.dylib
0x000000001b999000 	/usr/lib/system/liblaunch.dylib
0x000000001b999000 	/usr/lib/system/libmacho.dylib
0x000000001b999000 	/usr/lib/system/libquarantine.dylib
0x000000001b999000 	/usr/lib/system/libremovefile.dylib
0x000000001b999000 	/usr/lib/system/libsystem_asl.dylib
0x000000001b999000 	/usr/lib/system/libsystem_blocks.dylib
0x000000001b999000 	/usr/lib/system/libsystem_c.dylib
0x000000001b999000 	/usr/lib/system/libsystem_configuration.dylib
0x000000001b999000 	/usr/lib/system/libsystem_coreservices.dylib
0x000000001b999000 	/usr/lib/system/libsystem_coretls.dylib
0x000000001b999000 	/usr/lib/system/libsystem_dnssd.dylib
0x000000001b999000 	/usr/lib/system/libsystem_info.dylib
0x000000001b999000 	/usr/lib/system/libsystem_kernel.dylib
0x000000001b999000 	/usr/lib/system/libsystem_m.dylib
0x000000001b999000 	/usr/lib/system/libsystem_malloc.dylib
0x000000001b999000 	/usr/lib/system/libsystem_network.dylib
0x000000001b999000 	/usr/lib/system/libsystem_networkextension.dylib
0x000000001b999000 	/usr/lib/system/libsystem_notify.dylib
0x000000001b999000 	/usr/lib/system/libsystem_platform.dylib
0x000000001b999000 	/usr/lib/system/libsystem_pthread.dylib
0x000000001b999000 	/usr/lib/system/libsystem_sandbox.dylib
0x000000001b999000 	/usr/lib/system/libsystem_secinit.dylib
0x000000001b999000 	/usr/lib/system/libsystem_symptoms.dylib
0x000000001b999000 	/usr/lib/system/libsystem_trace.dylib
0x000000001b999000 	/usr/lib/system/libunwind.dylib
0x000000001b999000 	/usr/lib/system/libxpc.dylib
0x000000001b999000 	/usr/lib/libbsm.0.dylib
0x000000001b999000 	/usr/lib/system/libkxld.dylib
0x000000001b999000 	/usr/lib/libcoretls.dylib
0x000000001b999000 	/usr/lib/libcoretls_cfhelpers.dylib
0x000000001b999000 	/usr/lib/libOpenScriptingUtil.dylib
0x000000001b999000 	/usr/lib/libpam.2.dylib
0x000000001b999000 	/usr/lib/libsqlite3.dylib
0x000000001b999000 	/usr/lib/libxar.1.dylib
0x000000001b999000 	/usr/lib/libbz2.1.0.dylib
0x000000001b999000 	/usr/lib/liblzma.5.dylib
0x000000001b999000 	/usr/lib/libnetwork.dylib
0x000000001b999000 	/usr/lib/libpcap.A.dylib
0x000000001b999000 	/System/Library/Frameworks/CoreServices.framework/Versions/A/Frameworks/FSEvents.framework/Versions/A/FSEvents
0x000000001b999000 	/System/Library/Frameworks/CoreServices.framework/Versions/A/Frameworks/CarbonCore.framework/Versions/A/CarbonCore
0x000000001b999000 	/System/Library/Frameworks/CoreServices.framework/Versions/A/Frameworks/Metadata.framework/Versions/A/Metadata
0x000000001b999000 	/System/Library/Frameworks/CoreServices.framework/Versions/A/Frameworks/OSServices.framework/Versions/A/OSServices
0x000000001b999000 	/System/Library/Frameworks/CoreServices.framework/Versions/A/Frameworks/SearchKit.framework/Versions/A/SearchKit
0x000000001b999000 	/System/Library/Frameworks/CoreServices.framework/Versions/A/Frameworks/AE.framework/Versions/A/AE
0x000000001b999000 	/System/Library/Frameworks/CoreServices.framework/Versions/A/Frameworks/LaunchServices.framework/Versions/A/LaunchServices
0x000000001b999000 	/System/Library/Frameworks/CoreServices.framework/Versions/A/Frameworks/DictionaryServices.framework/Versions/A/DictionaryServices
0x000000001b999000 	/System/Library/Frameworks/CoreServices.framework/Versions/A/Frameworks/SharedFileList.framework/Versions/A/SharedFileList
0x000000001b999000 	/System/Library/Frameworks/NetFS.framework/Versions/A/NetFS
0x000000001b999000 	/System/Library/PrivateFrameworks/NetAuth.framework/Versions/A/NetAuth
0x000000001b999000 	/System/Library/PrivateFrameworks/login.framework/Versions/A/Frameworks/loginsupport.framework/Versions/A/loginsupport
0x000000001b999000 	/System/Library/PrivateFrameworks/TCC.framework/Versions/A/TCC
0x000000001b999000 	/usr/lib/libmecabra.dylib
0x000000001b999000 	/System/Library/Frameworks/ApplicationServices.framework/Versions/A/Frameworks/ATS.framework/Versions/A/ATS
0x000000001b999000 	/System/Library/Frameworks/ApplicationServices.framework/Versions/A/Frameworks/ColorSync.framework/Versions/A/ColorSync
0x000000001b999000 	/System/Library/Frameworks/ApplicationServices.framework/Versions/A/Frameworks/HIServices.framework/Versions/A/HIServices
0x000000001b999000 	/System/Library/Frameworks/ApplicationServices.framework/Versions/A/Frameworks/LangAnalysis.framework/Versions/A/LangAnalysis
0x000000001b999000 	/System/Library/Frameworks/ApplicationServices.framework/Versions/A/Frameworks/PrintCore.framework/Versions/A/PrintCore
0x000000001b999000 	/System/Library/Frameworks/ApplicationServices.framework/Versions/A/Frameworks/QD.framework/Versions/A/QD
0x000000001b999000 	/System/Library/Frameworks/ApplicationServices.framework/Versions/A/Frameworks/SpeechSynthesis.framework/Versions/A/SpeechSynthesis
0x000000001b999000 	/System/Library/Frameworks/Accelerate.framework/Versions/A/Frameworks/vImage.framework/Versions/A/vImage
0x000000001b999000 	/System/Library/Frameworks/Accelerate.framework/Versions/A/Frameworks/vecLib.framework/Versions/A/vecLib
0x000000001b999000 	/System/Library/Frameworks/Accelerate.framework/Versions/A/Frameworks/vecLib.framework/Versions/A/libvDSP.dylib
0x000000001b999000 	/System/Library/Frameworks/Accelerate.framework/Versions/A/Frameworks/vecLib.framework/Versions/A/libBNNS.dylib
0x000000001b999000 	/System/Library/Frameworks/Accelerate.framework/Versions/A/Frameworks/vecLib.framework/Versions/A/libQuadrature.dylib
0x000000001b999000 	/System/Library/Frameworks/Accelerate.framework/Versions/A/Frameworks/vecLib.framework/Versions/A/libvMisc.dylib
0x000000001b999000 	/System/Library/Frameworks/Accelerate.framework/Versions/A/Frameworks/vecLib.framework/Versions/A/libLAPACK.dylib
0x000000001b999000 	/System/Library/Frameworks/Accelerate.framework/Versions/A/Frameworks/vecLib.framework/Versions/A/libBLAS.dylib
0x000000001b999000 	/System/Library/Frameworks/Accelerate.framework/Versions/A/Frameworks/vecLib.framework/Versions/A/libLinearAlgebra.dylib
0x000000001b999000 	/System/Library/Frameworks/Accelerate.framework/Versions/A/Frameworks/vecLib.framework/Versions/A/libSparseBLAS.dylib
0x000000001b999000 	/System/Library/Frameworks/ApplicationServices.framework/Versions/A/Frameworks/ATS.framework/Versions/A/Resources/libFontParser.dylib
0x000000001b999000 	/System/Library/Frameworks/ApplicationServices.framework/Versions/A/Frameworks/ATS.framework/Versions/A/Resources/libFontRegistry.dylib
0x000000001b999000 	/System/Library/Frameworks/ImageIO.framework/Versions/A/Resources/libJPEG.dylib
0x000000001b999000 	/System/Library/Frameworks/ImageIO.framework/Versions/A/Resources/libTIFF.dylib
0x000000001b999000 	/System/Library/Frameworks/ImageIO.framework/Versions/A/Resources/libPng.dylib
0x000000001b999000 	/System/Library/Frameworks/ImageIO.framework/Versions/A/Resources/libGIF.dylib
0x000000001b999000 	/System/Library/Frameworks/ImageIO.framework/Versions/A/Resources/libJP2.dylib
0x000000001b999000 	/System/Library/Frameworks/ImageIO.framework/Versions/A/Resources/libRadiance.dylib
0x000000001b999000 	/usr/lib/libcompression.dylib
0x000000001b999000 	/System/Library/PrivateFrameworks/AppleJPEG.framework/Versions/A/AppleJPEG
0x000000001b999000 	/usr/lib/libcups.2.dylib
0x000000001b999000 	/System/Library/Frameworks/Kerberos.framework/Versions/A/Kerberos
0x000000001b999000 	/System/Library/Frameworks/GSS.framework/Versions/A/GSS
0x000000001b999000 	/usr/lib/libresolv.9.dylib
0x000000001b999000 	/usr/lib/libiconv.2.dylib
0x000000001b999000 	/System/Library/PrivateFrameworks/Heimdal.framework/Versions/A/Heimdal
0x000000001b999000 	/usr/lib/libheimdal-asn1.dylib
0x000000001b999000 	/System/Library/Frameworks/OpenDirectory.framework/Versions/A/OpenDirectory
0x000000001b999000 	/System/Library/PrivateFrameworks/CommonAuth.framework/Versions/A/CommonAuth
0x000000001b999000 	/System/Library/Frameworks/OpenDirectory.framework/Versions/A/Frameworks/CFOpenDirectory.framework/Versions/A/CFOpenDirectory
0x000000001b999000 	/System/Library/Frameworks/SecurityFoundation.framework/Versions/A/SecurityFoundation
0x000000001b999000 	/System/Library/PrivateFrameworks/LanguageModeling.framework/Versions/A/LanguageModeling
0x000000001b999000 	/usr/lib/libmarisa.dylib
0x000000001b999000 	/usr/lib/libChineseTokenizer.dylib
0x000000001b999000 	/usr/lib/libcmph.dylib
0x000000001b999000 	/System/Library/PrivateFrameworks/CoreEmoji.framework/Versions/A/CoreEmoji
0x000000001b999000 	/System/Library/Frameworks/ServiceManagement.framework/Versions/A/ServiceManagement
0x000000001b999000 	/usr/lib/libxslt.1.dylib
0x000000001b999000 	/System/Library/Frameworks/Carbon.framework/Versions/A/Frameworks/Ink.framework/Versions/A/Ink
0x000000001b999000 	/System/Library/PrivateFrameworks/TextureIO.framework/Versions/A/TextureIO
0x000000001b999000 	/System/Library/Frameworks/Metal.framework/Versions/A/Metal
0x000000001b999000 	/usr/lib/libate.dylib
0x000000001b999000 	/System/Library/PrivateFrameworks/GPUCompiler.framework/libmetal_timestamp.dylib
0x000000001b999000 	/System/Library/Frameworks/OpenGL.framework/Versions/A/Libraries/libCoreFSCache.dylib
0x000000001b999000 	/System/Library/PrivateFrameworks/IOAccelerator.framework/Versions/A/IOAccelerator
0x000000001b999000 	/System/Library/Frameworks/CoreVideo.framework/Versions/A/CoreVideo
0x000000001b999000 	/usr/lib/libFosl_dynamic.dylib
0x000000001b999000 	/System/Library/PrivateFrameworks/MetalPerformanceShaders.framework/Versions/A/MetalPerformanceShaders
0x000000001b999000 	/System/Library/PrivateFrameworks/FaceCore.framework/Versions/A/FaceCore
0x000000001b999000 	/System/Library/Frameworks/OpenCL.framework/Versions/A/OpenCL
0x000000001b999000 	/System/Library/Frameworks/OpenGL.framework/Versions/A/Libraries/libGLU.dylib
0x000000001b999000 	/System/Library/Frameworks/OpenGL.framework/Versions/A/Libraries/libGFXShared.dylib
0x000000001b999000 	/System/Library/Frameworks/OpenGL.framework/Versions/A/Libraries/libGL.dylib
0x000000001b999000 	/System/Library/Frameworks/OpenGL.framework/Versions/A/Libraries/libGLImage.dylib
0x000000001b999000 	/System/Library/Frameworks/OpenGL.framework/Versions/A/Libraries/libCVMSPluginSupport.dylib
0x000000001b999000 	/System/Library/Frameworks/OpenGL.framework/Versions/A/Libraries/libCoreVMClient.dylib
0x000000001b999000 	/System/Library/PrivateFrameworks/CrashReporterSupport.framework/Versions/A/CrashReporterSupport
0x000000001b999000 	/System/Library/PrivateFrameworks/Sharing.framework/Versions/A/Sharing
0x000000001b999000 	/System/Library/PrivateFrameworks/IconServices.framework/Versions/A/IconServices
0x000000001b999000 	/System/Library/PrivateFrameworks/ProtocolBuffer.framework/Versions/A/ProtocolBuffer
0x000000001b999000 	/System/Library/PrivateFrameworks/Apple80211.framework/Versions/A/Apple80211
0x000000001b999000 	/System/Library/Frameworks/CoreWLAN.framework/Versions/A/CoreWLAN
0x000000001b999000 	/System/Library/PrivateFrameworks/CoreUtils.framework/Versions/A/CoreUtils
0x000000001b999000 	/System/Library/Frameworks/IOBluetooth.framework/Versions/A/IOBluetooth
0x000000001b999000 	/System/Library/PrivateFrameworks/CoreWiFi.framework/Versions/A/CoreWiFi
0x000000001b999000 	/System/Library/Frameworks/CoreBluetooth.framework/Versions/A/CoreBluetooth
0x000000001b999000 	/System/Library/Frameworks/CoreDisplay.framework/Versions/A/CoreDisplay
0x000000001b999000 	/System/Library/PrivateFrameworks/IOPresentment.framework/Versions/A/IOPresentment
0x000000001b999000 	/System/Library/PrivateFrameworks/DSExternalDisplay.framework/Versions/A/DSExternalDisplay
0x000000001b999000 	/System/Library/PrivateFrameworks/DebugSymbols.framework/Versions/A/DebugSymbols
0x000000001b999000 	/System/Library/PrivateFrameworks/CoreSymbolication.framework/Versions/A/CoreSymbolication
0x000000001b999000 	/System/Library/PrivateFrameworks/Symbolication.framework/Versions/A/Symbolication
0x000000001b999000 	/System/Library/PrivateFrameworks/AppleFSCompression.framework/Versions/A/AppleFSCompression
0x000000001b999000 	/System/Library/PrivateFrameworks/SpeechRecognitionCore.framework/Versions/A/SpeechRecognitionCore
0x000000001b999000 	/System/Library/PrivateFrameworks/ChunkingLibrary.framework/Versions/A/ChunkingLibrary
0x000000010d200000 	/Library/Java/JavaVirtualMachines/jdk1.8.0_121.jdk/Contents/Home/jre/lib/server/libjvm.dylib
0x000000001b999000 	/usr/lib/libstdc++.6.dylib
0x000000010c0d4000 	/Library/Java/JavaVirtualMachines/jdk1.8.0_121.jdk/Contents/Home/jre/lib/libverify.dylib
0x000000010c0e2000 	/Library/Java/JavaVirtualMachines/jdk1.8.0_121.jdk/Contents/Home/jre/lib/libjava.dylib
0x000000010c120000 	/Library/Java/JavaVirtualMachines/jdk1.8.0_121.jdk/Contents/Home/jre/lib/libzip.dylib
0x00000001192c5000 	/System/Library/Frameworks/JavaVM.framework/Frameworks/JavaRuntimeSupport.framework/JavaRuntimeSupport
0x000000012922b000 	/System/Library/Frameworks/JavaVM.framework/Versions/A/Frameworks/JavaNativeFoundation.framework/Versions/A/JavaNativeFoundation
0x0000000129240000 	/System/Library/Frameworks/JavaVM.framework/Versions/A/JavaVM
0x000000001b999000 	/System/Library/Frameworks/Carbon.framework/Versions/A/Carbon
0x000000012924d000 	/System/Library/PrivateFrameworks/JavaLaunching.framework/Versions/A/JavaLaunching
0x000000001b999000 	/System/Library/Frameworks/Carbon.framework/Versions/A/Frameworks/CommonPanels.framework/Versions/A/CommonPanels
0x000000001b999000 	/System/Library/Frameworks/Carbon.framework/Versions/A/Frameworks/Help.framework/Versions/A/Help
0x000000001b999000 	/System/Library/Frameworks/Carbon.framework/Versions/A/Frameworks/ImageCapture.framework/Versions/A/ImageCapture
0x000000001b999000 	/System/Library/Frameworks/Carbon.framework/Versions/A/Frameworks/OpenScripting.framework/Versions/A/OpenScripting
0x000000001b999000 	/System/Library/Frameworks/Carbon.framework/Versions/A/Frameworks/Print.framework/Versions/A/Print
0x000000001b999000 	/System/Library/Frameworks/Carbon.framework/Versions/A/Frameworks/SecurityHI.framework/Versions/A/SecurityHI
0x000000012ac20000 	/Library/Java/JavaVirtualMachines/jdk1.8.0_121.jdk/Contents/Home/jre/lib/libnio.dylib
0x000000012ac30000 	/Library/Java/JavaVirtualMachines/jdk1.8.0_121.jdk/Contents/Home/jre/lib/./libnet.dylib
0x000000012ac8f000 	/private/var/folders/9y/dxyqzy3d68qb693q69873k1r0000gn/T/lwjglclaytonknittel/3.1.3-SNAPSHOT/liblwjgl.dylib
0x000000012ad56000 	/var/folders/9y/dxyqzy3d68qb693q69873k1r0000gn/T/lwjglclaytonknittel/3.1.3-SNAPSHOT/libjemalloc.dylib
0x000000012b5aa000 	/var/folders/9y/dxyqzy3d68qb693q69873k1r0000gn/T/lwjglclaytonknittel/3.1.3-SNAPSHOT/libglfw.dylib
0x000000001b999000 	/System/Library/PrivateFrameworks/CoreServicesInternal.framework/Versions/A/CoreServicesInternal
0x000000001b999000 	/System/Library/PrivateFrameworks/FamilyControls.framework/Versions/A/FamilyControls
0x000000001b999000 	/System/Library/PrivateFrameworks/CommerceKit.framework/Versions/A/Frameworks/CommerceCore.framework/Versions/A/CommerceCore
0x000000001b999000 	/System/Library/PrivateFrameworks/SystemAdministration.framework/Versions/A/SystemAdministration
0x000000001b999000 	/System/Library/PrivateFrameworks/AppContainer.framework/Versions/A/AppContainer
0x000000001b999000 	/System/Library/PrivateFrameworks/SecCodeWrapper.framework/Versions/A/SecCodeWrapper
0x000000001b999000 	/System/Library/Frameworks/DirectoryService.framework/Versions/A/DirectoryService
0x000000001b999000 	/System/Library/PrivateFrameworks/DiskImages.framework/Versions/A/DiskImages
0x000000001b999000 	/System/Library/PrivateFrameworks/LoginUIKit.framework/Versions/A/Frameworks/LoginUICore.framework/Versions/A/LoginUICore
0x000000001b999000 	/usr/lib/libCoreStorage.dylib
0x000000001b999000 	/usr/lib/libcsfde.dylib
0x000000001b999000 	/usr/lib/libodfde.dylib
0x000000001b999000 	/System/Library/Frameworks/DiscRecording.framework/Versions/A/DiscRecording
0x000000001b999000 	/usr/lib/libcurl.4.dylib
0x000000001b999000 	/System/Library/PrivateFrameworks/MediaKit.framework/Versions/A/MediaKit
0x000000001b999000 	/System/Library/PrivateFrameworks/ProtectedCloudStorage.framework/Versions/A/ProtectedCloudStorage
0x000000001b999000 	/System/Library/PrivateFrameworks/EFILogin.framework/Versions/A/EFILogin
0x000000001b999000 	/usr/lib/libutil.dylib
0x000000001b999000 	/System/Library/Frameworks/LDAP.framework/Versions/A/LDAP
0x000000001b999000 	/usr/lib/libsasl2.2.dylib
0x000000001b999000 	/System/Library/PrivateFrameworks/CoreDaemon.framework/Versions/B/CoreDaemon
0x000000001b999000 	/System/Library/PrivateFrameworks/AppleSRP.framework/Versions/A/AppleSRP
0x000000001b999000 	/System/Library/PrivateFrameworks/APFS.framework/Versions/A/APFS
0x000000001b999000 	/System/Library/Frameworks/Accelerate.framework/Versions/A/Frameworks/vImage.framework/Versions/A/Libraries/libCGInterfaces.dylib
0x000000001b999000 	/System/Library/Frameworks/ApplicationServices.framework/Versions/A/Frameworks/ATS.framework/Versions/A/Resources/libTrueTypeScaler.dylib
0x000000012e5f1000 	/System/Library/Frameworks/OpenGL.framework/Resources/GLEngine.bundle/GLEngine
0x000000001b999000 	/System/Library/Frameworks/OpenGL.framework/Versions/A/Libraries/libGLProgrammability.dylib
0x000000012e7d6000 	/System/Library/Extensions/AppleIntelSKLGraphicsGLDriver.bundle/Contents/MacOS/AppleIntelSKLGraphicsGLDriver
0x000000001b999000 	/System/Library/PrivateFrameworks/GPUSupport.framework/Versions/A/Libraries/libGPUSupportMercury.dylib
0x000000012f562000 	/System/Library/Extensions/AMDRadeonX4000GLDriver.bundle/Contents/MacOS/AMDRadeonX4000GLDriver
0x000000012f642000 	/System/Library/Extensions/AMDRadeonX4000GLDriver.bundle/Contents/MacOS/ATIRadeonX4000SCLib.dylib
0x000000012fc21000 	/System/Library/Frameworks/OpenGL.framework/Resources//GLRendererFloat.bundle/GLRendererFloat
0x000000001b999000 	/System/Library/Frameworks/OpenCL.framework/Versions/A/Libraries/libcldcpuengine.dylib
0x000000001b999000 	/usr/lib/libcrypto.0.9.8.dylib
0x000000001b999000 	/System/Library/PrivateFrameworks/TrustEvaluationAgent.framework/Versions/A/TrustEvaluationAgent
0x000000001b999000 	/System/Library/Extensions/AMDMTLBronzeDriver.bundle/Contents/MacOS/AMDMTLBronzeDriver
0x000000001b999000 	/System/Library/PrivateFrameworks/IOAccelMemoryInfo.framework/Versions/A/IOAccelMemoryInfo
0x000000012fc73000 	/System/Library/Extensions/AppleIntelSKLGraphicsMTLDriver.bundle/Contents/MacOS/AppleIntelSKLGraphicsMTLDriver
0x000000001b999000 	/System/Library/PrivateFrameworks/ViewBridge.framework/Versions/A/ViewBridge
0x000000001b999000 	/System/Library/PrivateFrameworks/XPCService.framework/Versions/A/XPCService
0x000000001b999000 	/System/Library/PrivateFrameworks/AppSandbox.framework/Versions/A/AppSandbox
0x000000001b999000 	/usr/lib/libsandbox.1.dylib
0x000000001b999000 	/usr/lib/libMatch.1.dylib
0x000000012dd0c000 	/private/var/folders/9y/dxyqzy3d68qb693q69873k1r0000gn/T/lwjglclaytonknittel/3.1.3-SNAPSHOT/liblwjgl_opengl.dylib

VM Arguments:
jvm_args: -Dfile.encoding=UTF-8 
java_command: mechanics.Main
java_class_path (initial): /Users/claytonknittel/git/Physics/bin:/Users/claytonknittel/git/Utilities/bin:/Users/claytonknittel/Downloads/lwjgl-release-3.1.3-custom/lwjgl-javadoc.jar:/Users/claytonknittel/Downloads/lwjgl-release-3.1.3-custom/lwjgl-natives-macos.jar:/Users/claytonknittel/Downloads/lwjgl-release-3.1.3-custom/lwjgl-par-javadoc.jar:/Users/claytonknittel/Downloads/lwjgl-release-3.1.3-custom/lwjgl-par.jar:/Users/claytonknittel/Downloads/lwjgl-release-3.1.3-custom/lwjgl-rpmalloc-javadoc.jar:/Users/claytonknittel/Downloads/lwjgl-release-3.1.3-custom/lwjgl-rpmalloc-sources.jar:/Users/claytonknittel/Downloads/lwjgl-release-3.1.3-custom/lwjgl-sources.jar:/Users/claytonknittel/Downloads/lwjgl-release-3.1.3-custom/lwjgl-sse-javadoc.jar:/Users/claytonknittel/Downloads/lwjgl-release-3.1.3-custom/lwjgl-sse-natives-macos.jar:/Users/claytonknittel/Downloads/lwjgl-release-3.1.3-custom/lwjgl-sse-sources.jar:/Users/claytonknittel/Downloads/lwjgl-release-3.1.3-custom/lwjgl-sse.jar:/Users/claytonknittel/Downloads/lwjgl-release-3.1.3-custom/lwjgl-stb-javadoc.jar:/Users/claytonknittel/Downloads/lwjgl-release-3.1.3-custom/lwjgl-stb-natives-macos.jar:/Users/claytonknittel/Downloads/lwjgl-release-3.1.3-custom/lwjgl-stb-sources.jar:/Users/claytonknittel/Downloads/lwjgl-release-3.1.3-custom/lwjgl-stb.jar:/Users/claytonknittel/Downloads/lwjgl-release-3.1.3-custom/lwjgl-tinyexr-javadoc.jar:/Users/claytonknittel/Downloads/lwjgl-release-3.1.3-custom/lwjgl-tinyexr-natives-macos.jar:/Users/claytonknittel/Downloads/lwjgl-release-3.1.3-custom/lwjgl-tinyexr-sources.jar:/Users/claytonknittel/Downloads/lwjgl-release-3.1.3-custom/lwjgl-tinyexr.jar:/Users/claytonknittel/Downloads/lwjgl-release-3.1.3-custom/lwjgl-tinyfd-javadoc.jar:/Users/claytonknittel/Downloads/lwjgl-release-3.1.3-custom/lwjgl-tinyfd-natives-macos.jar:/Users/claytonknittel/Downloads/lwjgl-release-3.1.3-custom/lwjgl-tinyfd-sources.jar:/Users/claytonknittel/Downloads/lwjgl-release-3.1.3-custom/lwjgl-tinyfd.jar:/Users/clayton
Launcher Type: SUN_STANDARD

Environment Variables:
PATH=/usr/bin:/bin:/usr/sbin:/sbin
SHELL=/bin/bash

Signal Handlers:
SIGSEGV: [libjvm.dylib+0x5b1141], sa_mask[0]=11111111011111110111111111111111, sa_flags=SA_ONSTACK|SA_RESTART|SA_SIGINFO
SIGBUS: [libjvm.dylib+0x5b1141], sa_mask[0]=11111111011111110111111111111111, sa_flags=SA_RESTART|SA_SIGINFO
SIGFPE: [libjvm.dylib+0x487bc4], sa_mask[0]=11111111011111110111111111111111, sa_flags=SA_RESTART|SA_SIGINFO
SIGPIPE: [libjvm.dylib+0x487bc4], sa_mask[0]=11111111011111110111111111111111, sa_flags=SA_RESTART|SA_SIGINFO
SIGXFSZ: [libjvm.dylib+0x487bc4], sa_mask[0]=11111111011111110111111111111111, sa_flags=SA_RESTART|SA_SIGINFO
SIGILL: [libjvm.dylib+0x487bc4], sa_mask[0]=11111111011111110111111111111111, sa_flags=SA_RESTART|SA_SIGINFO
SIGUSR1: SIG_DFL, sa_mask[0]=00000000000000000000000000000000, sa_flags=none
SIGUSR2: [libjvm.dylib+0x4876e2], sa_mask[0]=00100000000000000000000000000000, sa_flags=SA_RESTART|SA_SIGINFO
SIGHUP: [libjvm.dylib+0x485cb9], sa_mask[0]=11111111011111110111111111111111, sa_flags=SA_RESTART|SA_SIGINFO
SIGINT: [libjvm.dylib+0x485cb9], sa_mask[0]=11111111011111110111111111111111, sa_flags=SA_RESTART|SA_SIGINFO
SIGTERM: [libjvm.dylib+0x485cb9], sa_mask[0]=11111111011111110111111111111111, sa_flags=SA_RESTART|SA_SIGINFO
SIGQUIT: [libjvm.dylib+0x485cb9], sa_mask[0]=11111111011111110111111111111111, sa_flags=SA_RESTART|SA_SIGINFO


---------------  S Y S T E M  ---------------

OS:Bsduname:Darwin 16.7.0 Darwin Kernel Version 16.7.0: Tue Jan 30 11:27:06 PST 2018; root:xnu-3789.73.11~1/RELEASE_X86_64 x86_64
rlimit: STACK 8192k, CORE 0k, NPROC 709, NOFILE 10240, AS infinity
load average:1.59 1.63 1.69

CPU:total 8 (4 cores per cpu, 2 threads per core) family 6 model 94 stepping 3, cmov, cx8, fxsr, mmx, sse, sse2, sse3, ssse3, sse4.1, sse4.2, popcnt, avx, avx2, aes, clmul, erms, rtm, 3dnowpref, lzcnt, ht, tsc, tscinvbit, bmi1, bmi2, adx

Memory: 4k page, physical 16777216k(4005084k free)

/proc/meminfo:


vm_info: Java HotSpot(TM) 64-Bit Server VM (25.121-b13) for bsd-amd64 JRE (1.8.0_121-b13), built on Dec 12 2016 20:39:32 by "java_re" with gcc 4.2.1 (Based on Apple Inc. build 5658) (LLVM build 2336.11.00)

time: Tue Apr 10 19:41:28 2018
elapsed time: 13 seconds (0d 0h 0m 13s)

